2019-01-08 10:08:08 [scrapy.utils.log] INFO: Scrapy 1.5.1 started (bot: xiachufang)
2019-01-08 10:08:08 [scrapy.utils.log] INFO: Versions: lxml 3.5.0.0, libxml2 2.9.3, cssselect 1.0.3, parsel 1.5.1, w3lib 1.19.0, Twisted 18.9.0, Python 3.5.2 (default, Nov 12 2018, 13:43:14) - [GCC 5.4.0 20160609], pyOpenSSL 18.0.0 (OpenSSL 1.1.0j  20 Nov 2018), cryptography 2.4.2, Platform Linux-4.15.0-43-generic-x86_64-with-Ubuntu-16.04-xenial
2019-01-08 10:08:08 [scrapy.crawler] INFO: Overridden settings: {'DUPEFILTER_CLASS': 'scrapy_redis.dupefilter.RFPDupeFilter', 'LOG_FILE': 'xcf1.log', 'NEWSPIDER_MODULE': 'xiachufang.spiders', 'BOT_NAME': 'xiachufang', 'SPIDER_MODULES': ['xiachufang.spiders'], 'SCHEDULER': 'scrapy_redis.scheduler.Scheduler'}
2019-01-08 10:08:08 [scrapy.middleware] INFO: Enabled extensions:
['scrapy.extensions.corestats.CoreStats',
 'scrapy.extensions.memusage.MemoryUsage',
 'scrapy.extensions.telnet.TelnetConsole',
 'scrapy.extensions.logstats.LogStats']
2019-01-08 10:08:08 [xcfCrawlSpider] INFO: Reading start URLs from redis key 'xcfCrawlSpider:start_urls' (batch size: 16, encoding: utf-8
2019-01-08 10:08:08 [scrapy.middleware] INFO: Enabled downloader middlewares:
['scrapy.downloadermiddlewares.httpauth.HttpAuthMiddleware',
 'scrapy.downloadermiddlewares.downloadtimeout.DownloadTimeoutMiddleware',
 'scrapy.downloadermiddlewares.defaultheaders.DefaultHeadersMiddleware',
 'scrapy.downloadermiddlewares.useragent.UserAgentMiddleware',
 'scrapy.downloadermiddlewares.retry.RetryMiddleware',
 'scrapy.downloadermiddlewares.redirect.MetaRefreshMiddleware',
 'scrapy.downloadermiddlewares.httpcompression.HttpCompressionMiddleware',
 'scrapy.downloadermiddlewares.redirect.RedirectMiddleware',
 'scrapy.downloadermiddlewares.cookies.CookiesMiddleware',
 'scrapy.downloadermiddlewares.httpproxy.HttpProxyMiddleware',
 'scrapy.downloadermiddlewares.stats.DownloaderStats']
2019-01-08 10:08:08 [scrapy.middleware] INFO: Enabled spider middlewares:
['scrapy.spidermiddlewares.httperror.HttpErrorMiddleware',
 'scrapy.spidermiddlewares.offsite.OffsiteMiddleware',
 'scrapy.spidermiddlewares.referer.RefererMiddleware',
 'scrapy.spidermiddlewares.urllength.UrlLengthMiddleware',
 'scrapy.spidermiddlewares.depth.DepthMiddleware']
2019-01-08 10:08:08 [scrapy.middleware] INFO: Enabled item pipelines:
['scrapy_redis.pipelines.RedisPipeline']
2019-01-08 10:08:08 [scrapy.core.engine] INFO: Spider opened
2019-01-08 10:08:08 [xcfCrawlSpider] DEBUG: Resuming crawl (37503 requests scheduled)
2019-01-08 10:08:08 [scrapy.extensions.logstats] INFO: Crawled 0 pages (at 0 pages/min), scraped 0 items (at 0 items/min)
2019-01-08 10:08:08 [scrapy.extensions.telnet] DEBUG: Telnet console listening on 127.0.0.1:6028
2019-01-08 10:08:08 [scrapy.core.downloader.tls] WARNING: Remote certificate is not valid for hostname "www.xiachufang.com"; '*.xiachufang.com'!='www.xiachufang.com'
2019-01-08 10:08:08 [scrapy.core.downloader.tls] WARNING: Remote certificate is not valid for hostname "www.xiachufang.com"; '*.xiachufang.com'!='www.xiachufang.com'
2019-01-08 10:08:08 [scrapy.core.downloader.tls] WARNING: Remote certificate is not valid for hostname "www.xiachufang.com"; '*.xiachufang.com'!='www.xiachufang.com'
2019-01-08 10:08:08 [scrapy.core.downloader.tls] WARNING: Remote certificate is not valid for hostname "www.xiachufang.com"; '*.xiachufang.com'!='www.xiachufang.com'
2019-01-08 10:08:08 [scrapy.core.downloader.tls] WARNING: Remote certificate is not valid for hostname "www.xiachufang.com"; '*.xiachufang.com'!='www.xiachufang.com'
2019-01-08 10:08:08 [scrapy.core.downloader.tls] WARNING: Remote certificate is not valid for hostname "www.xiachufang.com"; '*.xiachufang.com'!='www.xiachufang.com'
2019-01-08 10:08:08 [scrapy.core.downloader.tls] WARNING: Remote certificate is not valid for hostname "www.xiachufang.com"; '*.xiachufang.com'!='www.xiachufang.com'
2019-01-08 10:08:08 [scrapy.core.downloader.tls] WARNING: Remote certificate is not valid for hostname "www.xiachufang.com"; '*.xiachufang.com'!='www.xiachufang.com'
2019-01-08 10:08:09 [scrapy.core.engine] DEBUG: Crawled (200) <GET https://www.xiachufang.com/category/1014252/> (referer: http://www.xiachufang.com/category/374/)
2019-01-08 10:08:09 [scrapy.core.engine] DEBUG: Crawled (200) <GET https://www.xiachufang.com/category/1008262/> (referer: http://www.xiachufang.com/category/374/)
2019-01-08 10:08:09 [scrapy.core.engine] DEBUG: Crawled (200) <GET https://www.xiachufang.com/category/1021182/> (referer: http://www.xiachufang.com/category/393/)
2019-01-08 10:08:09 [scrapy_redis.dupefilter] DEBUG: Filtered duplicate request <GET https://www.xiachufang.com/category/40076/> - no more duplicates will be shown (see DUPEFILTER_DEBUG to show all duplicates)
2019-01-08 10:08:09 [scrapy.core.engine] DEBUG: Crawled (200) <GET https://www.xiachufang.com/category/1037414/> (referer: http://www.xiachufang.com/category/306/)
2019-01-08 10:08:09 [scrapy.core.engine] DEBUG: Crawled (200) <GET https://www.xiachufang.com/category/1000315/> (referer: http://www.xiachufang.com/category/423/)
2019-01-08 10:08:09 [scrapy.core.engine] DEBUG: Crawled (200) <GET https://www.xiachufang.com/category/1012212/> (referer: http://www.xiachufang.com/category/374/)
2019-01-08 10:08:09 [scrapy.core.engine] DEBUG: Crawled (200) <GET https://www.xiachufang.com/category/1002106/> (referer: http://www.xiachufang.com/category/423/)
2019-01-08 10:08:09 [scrapy.core.engine] DEBUG: Crawled (200) <GET https://www.xiachufang.com/category/1012577/> (referer: http://www.xiachufang.com/category/374/)
2019-01-08 10:08:09 [scrapy.core.engine] DEBUG: Crawled (200) <GET https://www.xiachufang.com/category/1027314/> (referer: http://www.xiachufang.com/category/423/)
2019-01-08 10:08:09 [scrapy.core.engine] DEBUG: Crawled (200) <GET https://www.xiachufang.com/category/1015789/> (referer: http://www.xiachufang.com/category/427/)
2019-01-08 10:08:09 [scrapy.core.engine] DEBUG: Crawled (200) <GET https://www.xiachufang.com/category/1012208/> (referer: http://www.xiachufang.com/category/427/)
2019-01-08 10:08:10 [scrapy.core.engine] DEBUG: Crawled (200) <GET http://www.xiachufang.com/category/570/> (referer: http://www.xiachufang.com/category/)
2019-01-08 10:08:10 [scrapy.core.engine] DEBUG: Crawled (200) <GET http://www.xiachufang.com/category/524/> (referer: http://www.xiachufang.com/category/)
2019-01-08 10:08:10 [scrapy.core.engine] DEBUG: Crawled (200) <GET http://www.xiachufang.com/category/533/> (referer: http://www.xiachufang.com/category/)
2019-01-08 10:08:10 [scrapy.core.engine] DEBUG: Crawled (200) <GET http://www.xiachufang.com/category/576/> (referer: http://www.xiachufang.com/category/)
2019-01-08 10:08:10 [scrapy.core.engine] DEBUG: Crawled (200) <GET http://www.xiachufang.com/category/580/> (referer: http://www.xiachufang.com/category/)
2019-01-08 10:08:10 [scrapy.core.engine] DEBUG: Crawled (200) <GET http://www.xiachufang.com/category/601/> (referer: http://www.xiachufang.com/category/)
2019-01-08 10:08:10 [scrapy.core.engine] DEBUG: Crawled (200) <GET http://www.xiachufang.com/category/602/> (referer: http://www.xiachufang.com/category/)
2019-01-08 10:08:10 [scrapy.core.engine] DEBUG: Crawled (200) <GET http://www.xiachufang.com/category/605/> (referer: http://www.xiachufang.com/category/)
2019-01-08 10:08:10 [scrapy.core.engine] DEBUG: Crawled (200) <GET http://www.xiachufang.com/category/632/> (referer: http://www.xiachufang.com/category/)
2019-01-08 10:08:10 [scrapy.core.engine] DEBUG: Crawled (200) <GET https://www.xiachufang.com/category/1012195/> (referer: https://www.xiachufang.com/category/1014252/)
2019-01-08 10:08:10 [scrapy.core.engine] DEBUG: Crawled (200) <GET http://www.xiachufang.com/category/612/> (referer: http://www.xiachufang.com/category/)
2019-01-08 10:08:11 [scrapy.core.engine] DEBUG: Crawled (200) <GET http://www.xiachufang.com/category/648/> (referer: http://www.xiachufang.com/category/)
2019-01-08 10:08:11 [scrapy.core.engine] DEBUG: Crawled (200) <GET http://www.xiachufang.com/category/649/> (referer: http://www.xiachufang.com/category/)
2019-01-08 10:08:11 [scrapy.core.engine] DEBUG: Crawled (200) <GET https://www.xiachufang.com/category/1021091/> (referer: https://www.xiachufang.com/category/1008262/)
2019-01-08 10:08:11 [scrapy.core.engine] DEBUG: Crawled (200) <GET https://www.xiachufang.com/category/1000954/> (referer: https://www.xiachufang.com/category/1012212/)
2019-01-08 10:08:11 [scrapy.core.engine] DEBUG: Crawled (200) <GET https://www.xiachufang.com/category/1003416/> (referer: https://www.xiachufang.com/category/1002106/)
2019-01-08 10:08:11 [scrapy.core.engine] DEBUG: Crawled (200) <GET https://www.xiachufang.com/category/1012075/> (referer: https://www.xiachufang.com/category/1008262/)
2019-01-08 10:08:11 [scrapy.core.engine] DEBUG: Crawled (200) <GET https://www.xiachufang.com/category/1005034/> (referer: https://www.xiachufang.com/category/1002106/)
2019-01-08 10:08:11 [scrapy.core.engine] DEBUG: Crawled (200) <GET https://www.xiachufang.com/category/1016882/> (referer: https://www.xiachufang.com/category/1014252/)
2019-01-08 10:08:11 [scrapy.core.engine] DEBUG: Crawled (200) <GET https://www.xiachufang.com/category/1030836/> (referer: https://www.xiachufang.com/category/1012577/)
2019-01-08 10:08:12 [scrapy.core.engine] DEBUG: Crawled (200) <GET https://www.xiachufang.com/category/1008504/> (referer: https://www.xiachufang.com/category/1002106/)
2019-01-08 10:08:12 [scrapy.core.engine] DEBUG: Crawled (200) <GET https://www.xiachufang.com/category/1653/> (referer: https://www.xiachufang.com/category/1012208/)
2019-01-08 10:08:12 [scrapy.core.engine] DEBUG: Crawled (200) <GET https://www.xiachufang.com/category/482/> (referer: https://www.xiachufang.com/category/1015789/)
2019-01-08 10:08:12 [scrapy.core.engine] DEBUG: Crawled (200) <GET http://www.xiachufang.com/category/653/> (referer: http://www.xiachufang.com/category/)
2019-01-08 10:08:12 [scrapy.core.engine] DEBUG: Crawled (200) <GET http://www.xiachufang.com/category/666/> (referer: http://www.xiachufang.com/category/)
2019-01-08 10:08:12 [scrapy.core.engine] DEBUG: Crawled (200) <GET http://www.xiachufang.com/category/657/> (referer: http://www.xiachufang.com/category/)
2019-01-08 10:08:12 [scrapy.core.engine] DEBUG: Crawled (200) <GET http://www.xiachufang.com/category/662/> (referer: http://www.xiachufang.com/category/)
2019-01-08 10:08:12 [scrapy.core.engine] DEBUG: Crawled (200) <GET https://www.xiachufang.com/category/1000238/> (referer: http://www.xiachufang.com/category/576/)
2019-01-08 10:08:12 [scrapy.core.engine] DEBUG: Crawled (200) <GET http://www.xiachufang.com/category/671/> (referer: http://www.xiachufang.com/category/)
2019-01-08 10:08:13 [scrapy.core.engine] DEBUG: Crawled (200) <GET https://www.xiachufang.com/category/1006807/> (referer: http://www.xiachufang.com/category/576/)
2019-01-08 10:08:13 [scrapy.core.engine] DEBUG: Crawled (200) <GET https://www.xiachufang.com/category/1000349/> (referer: http://www.xiachufang.com/category/576/)
2019-01-08 10:08:13 [scrapy.core.engine] DEBUG: Crawled (200) <GET http://www.xiachufang.com/category/692/> (referer: http://www.xiachufang.com/category/)
2019-01-08 10:08:13 [scrapy.core.engine] DEBUG: Crawled (200) <GET http://www.xiachufang.com/category/714/> (referer: http://www.xiachufang.com/category/)
2019-01-08 10:08:13 [scrapy.core.engine] DEBUG: Crawled (200) <GET http://www.xiachufang.com/category/689/> (referer: http://www.xiachufang.com/category/)
2019-01-08 10:08:13 [scrapy.core.engine] DEBUG: Crawled (200) <GET https://www.xiachufang.com/category/1009991/> (referer: http://www.xiachufang.com/category/533/)
2019-01-08 10:08:13 [scrapy.core.engine] DEBUG: Crawled (200) <GET https://www.xiachufang.com/category/1013805/> (referer: http://www.xiachufang.com/category/580/)
2019-01-08 10:08:13 [scrapy.core.engine] DEBUG: Crawled (200) <GET https://www.xiachufang.com/category/1012236/> (referer: http://www.xiachufang.com/category/570/)
2019-01-08 10:08:14 [scrapy.core.engine] DEBUG: Crawled (200) <GET https://www.xiachufang.com/category/1013414/> (referer: http://www.xiachufang.com/category/524/)
2019-01-08 10:08:14 [scrapy.core.engine] DEBUG: Crawled (200) <GET http://www.xiachufang.com/category/715/> (referer: http://www.xiachufang.com/category/)
2019-01-08 10:08:14 [scrapy.core.engine] DEBUG: Crawled (200) <GET http://www.xiachufang.com/category/718/> (referer: http://www.xiachufang.com/category/)
2019-01-08 10:08:14 [scrapy.core.engine] DEBUG: Crawled (200) <GET http://www.xiachufang.com/category/719/> (referer: http://www.xiachufang.com/category/)
2019-01-08 10:08:15 [scrapy.core.engine] DEBUG: Crawled (200) <GET http://www.xiachufang.com/category/727/> (referer: http://www.xiachufang.com/category/)
2019-01-08 10:08:15 [scrapy.core.engine] DEBUG: Crawled (200) <GET http://www.xiachufang.com/category/725/> (referer: http://www.xiachufang.com/category/)
2019-01-08 10:08:15 [scrapy.core.engine] DEBUG: Crawled (200) <GET https://www.xiachufang.com/category/1011558/> (referer: https://www.xiachufang.com/category/1003416/)
2019-01-08 10:08:15 [scrapy.core.engine] DEBUG: Crawled (200) <GET https://www.xiachufang.com/category/1006019/> (referer: http://www.xiachufang.com/category/612/)
2019-01-08 10:08:15 [scrapy.core.engine] DEBUG: Crawled (200) <GET https://www.xiachufang.com/category/1021935/> (referer: http://www.xiachufang.com/category/649/)
2019-01-08 10:08:15 [scrapy.core.engine] DEBUG: Crawled (200) <GET https://www.xiachufang.com/category/1024500/> (referer: http://www.xiachufang.com/category/601/)
2019-01-08 10:08:16 [scrapy.core.engine] DEBUG: Crawled (200) <GET https://www.xiachufang.com/category/1012301/> (referer: http://www.xiachufang.com/category/602/)
2019-01-08 10:08:16 [scrapy.core.engine] DEBUG: Crawled (200) <GET https://www.xiachufang.com/category/1010191/> (referer: http://www.xiachufang.com/category/632/)
2019-01-08 10:08:16 [scrapy.core.engine] DEBUG: Crawled (200) <GET https://www.xiachufang.com/category/1019699/> (referer: http://www.xiachufang.com/category/632/)
2019-01-08 10:08:16 [scrapy.core.engine] DEBUG: Crawled (200) <GET https://www.xiachufang.com/category/1019763/> (referer: http://www.xiachufang.com/category/632/)
2019-01-08 10:08:16 [scrapy.core.engine] DEBUG: Crawled (200) <GET https://www.xiachufang.com/category/1019878/> (referer: http://www.xiachufang.com/category/632/)
2019-01-08 10:08:16 [scrapy.core.engine] DEBUG: Crawled (200) <GET https://www.xiachufang.com/category/1019672/> (referer: http://www.xiachufang.com/category/632/)
2019-01-08 10:08:16 [scrapy.core.engine] DEBUG: Crawled (200) <GET https://www.xiachufang.com/category/1037842/> (referer: http://www.xiachufang.com/category/601/)
2019-01-08 10:08:16 [scrapy.core.engine] DEBUG: Crawled (200) <GET https://www.xiachufang.com/category/1016890/> (referer: https://www.xiachufang.com/category/482/)
2019-01-08 10:08:17 [scrapy.core.engine] DEBUG: Crawled (200) <GET http://www.xiachufang.com/category/730/> (referer: http://www.xiachufang.com/category/)
2019-01-08 10:08:17 [scrapy.core.engine] DEBUG: Crawled (200) <GET http://www.xiachufang.com/category/733/> (referer: http://www.xiachufang.com/category/)
2019-01-08 10:08:17 [scrapy.core.engine] DEBUG: Crawled (200) <GET https://www.xiachufang.com/category/1012810/> (referer: https://www.xiachufang.com/category/1000954/)
2019-01-08 10:08:17 [scrapy.core.engine] DEBUG: Crawled (200) <GET http://www.xiachufang.com/category/735/> (referer: http://www.xiachufang.com/category/)
2019-01-08 10:08:17 [scrapy.core.engine] DEBUG: Crawled (200) <GET http://www.xiachufang.com/category/738/> (referer: http://www.xiachufang.com/category/)
2019-01-08 10:08:17 [scrapy.core.engine] DEBUG: Crawled (200) <GET https://www.xiachufang.com/category/1022021/> (referer: https://www.xiachufang.com/category/1012075/)
2019-01-08 10:08:17 [scrapy.core.engine] DEBUG: Crawled (200) <GET https://www.xiachufang.com/category/1010519/> (referer: https://www.xiachufang.com/category/1000238/)
2019-01-08 10:08:17 [scrapy.core.engine] DEBUG: Crawled (200) <GET https://www.xiachufang.com/category/1022586/> (referer: https://www.xiachufang.com/category/1000238/)
2019-01-08 10:08:18 [scrapy.core.engine] DEBUG: Crawled (200) <GET http://www.xiachufang.com/category/742/> (referer: http://www.xiachufang.com/category/)
2019-01-08 10:08:18 [scrapy.core.engine] DEBUG: Crawled (200) <GET https://www.xiachufang.com/category/1013386/> (referer: https://www.xiachufang.com/category/1013414/)
2019-01-08 10:08:18 [scrapy.core.engine] DEBUG: Crawled (200) <GET https://www.xiachufang.com/category/1021693/> (referer: https://www.xiachufang.com/category/1012236/)
2019-01-08 10:08:19 [scrapy.core.engine] DEBUG: Crawled (200) <GET http://www.xiachufang.com/category/747/> (referer: http://www.xiachufang.com/category/)
2019-01-08 10:08:19 [scrapy.core.engine] DEBUG: Crawled (200) <GET https://www.xiachufang.com/category/1002571/> (referer: http://www.xiachufang.com/category/657/)
2019-01-08 10:08:19 [scrapy.core.engine] DEBUG: Crawled (200) <GET http://www.xiachufang.com/category/769/> (referer: http://www.xiachufang.com/category/)
2019-01-08 10:08:19 [scrapy.core.engine] DEBUG: Crawled (200) <GET http://www.xiachufang.com/category/743/> (referer: http://www.xiachufang.com/category/)
2019-01-08 10:08:19 [scrapy.core.engine] DEBUG: Crawled (200) <GET https://www.xiachufang.com/category/1008784/> (referer: http://www.xiachufang.com/category/671/)
2019-01-08 10:08:19 [scrapy.core.engine] DEBUG: Crawled (200) <GET https://www.xiachufang.com/category/1015567/> (referer: http://www.xiachufang.com/category/671/)
2019-01-08 10:08:19 [scrapy.core.engine] DEBUG: Crawled (200) <GET https://www.xiachufang.com/category/1016782/> (referer: http://www.xiachufang.com/category/657/)
2019-01-08 10:08:19 [scrapy.core.engine] DEBUG: Crawled (200) <GET https://www.xiachufang.com/category/1028135/> (referer: http://www.xiachufang.com/category/714/)
2019-01-08 10:08:19 [scrapy.core.engine] DEBUG: Crawled (200) <GET https://www.xiachufang.com/category/1013798/> (referer: http://www.xiachufang.com/category/671/)
2019-01-08 10:08:19 [scrapy.core.engine] DEBUG: Crawled (200) <GET https://www.xiachufang.com/category/1007265/> (referer: http://www.xiachufang.com/category/719/)
2019-01-08 10:08:19 [scrapy.core.engine] DEBUG: Crawled (200) <GET https://www.xiachufang.com/category/1015033/> (referer: http://www.xiachufang.com/category/662/)
2019-01-08 10:08:20 [scrapy.core.engine] DEBUG: Crawled (200) <GET https://www.xiachufang.com/category/1008709/> (referer: https://www.xiachufang.com/category/1011558/)
2019-01-08 10:08:20 [scrapy.core.engine] DEBUG: Crawled (200) <GET https://www.xiachufang.com/category/1015499/> (referer: http://www.xiachufang.com/category/719/)
2019-01-08 10:08:21 [scrapy.core.engine] DEBUG: Crawled (200) <GET https://www.xiachufang.com/category/1014693/> (referer: https://www.xiachufang.com/category/1006019/)
2019-01-08 10:08:21 [scrapy.core.engine] DEBUG: Crawled (200) <GET https://www.xiachufang.com/category/1030327/> (referer: https://www.xiachufang.com/category/1006019/)
2019-01-08 10:08:21 [scrapy.core.engine] DEBUG: Crawled (200) <GET https://www.xiachufang.com/category/2980/> (referer: http://www.xiachufang.com/category/692/)
2019-01-08 10:08:21 [scrapy.core.engine] DEBUG: Crawled (200) <GET http://www.xiachufang.com/category/808/> (referer: http://www.xiachufang.com/category/)
2019-01-08 10:08:21 [scrapy.core.engine] DEBUG: Crawled (200) <GET https://www.xiachufang.com/category/1000902/> (referer: http://www.xiachufang.com/category/692/)
2019-01-08 10:08:21 [scrapy.core.engine] DEBUG: Crawled (200) <GET https://www.xiachufang.com/category/1013804/> (referer: https://www.xiachufang.com/category/1006019/)
2019-01-08 10:08:21 [scrapy.core.engine] DEBUG: Crawled (200) <GET http://www.xiachufang.com/category/819/> (referer: http://www.xiachufang.com/category/)
2019-01-08 10:08:21 [scrapy.core.engine] DEBUG: Crawled (200) <GET http://www.xiachufang.com/category/822/> (referer: http://www.xiachufang.com/category/)
2019-01-08 10:08:22 [scrapy.core.engine] DEBUG: Crawled (200) <GET https://www.xiachufang.com/category/1000643/> (referer: https://www.xiachufang.com/category/1010519/)
2019-01-08 10:08:22 [scrapy.core.engine] DEBUG: Crawled (200) <GET https://www.xiachufang.com/category/1004142/> (referer: http://www.xiachufang.com/category/725/)
2019-01-08 10:08:22 [scrapy.core.engine] DEBUG: Crawled (200) <GET http://www.xiachufang.com/category/826/> (referer: http://www.xiachufang.com/category/)
2019-01-08 10:08:22 [scrapy.core.engine] DEBUG: Crawled (200) <GET https://www.xiachufang.com/category/1011463/> (referer: https://www.xiachufang.com/category/1010519/)
2019-01-08 10:08:22 [scrapy.core.engine] DEBUG: Crawled (200) <GET http://www.xiachufang.com/category/833/> (referer: http://www.xiachufang.com/category/)
2019-01-08 10:08:22 [scrapy.core.engine] DEBUG: Crawled (200) <GET http://www.xiachufang.com/category/846/> (referer: http://www.xiachufang.com/category/)
2019-01-08 10:08:22 [scrapy.core.engine] DEBUG: Crawled (200) <GET https://www.xiachufang.com/category/1006697/> (referer: http://www.xiachufang.com/category/718/)
2019-01-08 10:08:22 [scrapy.core.engine] DEBUG: Crawled (200) <GET https://www.xiachufang.com/category/1015600/> (referer: http://www.xiachufang.com/category/730/)
2019-01-08 10:08:23 [scrapy.core.engine] DEBUG: Crawled (200) <GET https://www.xiachufang.com/category/1008045/> (referer: http://www.xiachufang.com/category/735/)
2019-01-08 10:08:23 [scrapy.core.engine] DEBUG: Crawled (200) <GET https://www.xiachufang.com/category/1002771/> (referer: http://www.xiachufang.com/category/735/)
2019-01-08 10:08:23 [scrapy.core.engine] DEBUG: Crawled (200) <GET http://www.xiachufang.com/category/865/> (referer: http://www.xiachufang.com/category/)
2019-01-08 10:08:23 [scrapy.core.engine] DEBUG: Crawled (200) <GET https://www.xiachufang.com/category/1011760/> (referer: http://www.xiachufang.com/category/730/)
2019-01-08 10:08:23 [scrapy.core.engine] DEBUG: Crawled (200) <GET https://www.xiachufang.com/category/1025585/> (referer: http://www.xiachufang.com/category/735/)
2019-01-08 10:08:24 [scrapy.core.engine] DEBUG: Crawled (200) <GET https://www.xiachufang.com/category/1000252/> (referer: https://www.xiachufang.com/category/1002571/)
2019-01-08 10:08:24 [scrapy.core.engine] DEBUG: Crawled (200) <GET https://www.xiachufang.com/category/1015805/> (referer: https://www.xiachufang.com/category/1008784/)
2019-01-08 10:08:24 [scrapy.core.engine] DEBUG: Crawled (200) <GET http://www.xiachufang.com/category/868/> (referer: http://www.xiachufang.com/category/)
2019-01-08 10:08:24 [scrapy.core.engine] DEBUG: Crawled (200) <GET https://www.xiachufang.com/category/1011983/> (referer: http://www.xiachufang.com/category/742/)
2019-01-08 10:08:24 [scrapy.core.engine] DEBUG: Crawled (200) <GET https://www.xiachufang.com/category/1026054/> (referer: http://www.xiachufang.com/category/742/)
2019-01-08 10:08:24 [scrapy.core.engine] DEBUG: Crawled (200) <GET https://www.xiachufang.com/category/1008427/> (referer: https://www.xiachufang.com/category/1007265/)
2019-01-08 10:08:24 [scrapy.core.engine] DEBUG: Crawled (200) <GET https://www.xiachufang.com/category/1000079/> (referer: https://www.xiachufang.com/category/1015567/)
2019-01-08 10:08:24 [scrapy.core.engine] DEBUG: Crawled (200) <GET https://www.xiachufang.com/category/1001009/> (referer: https://www.xiachufang.com/category/1007265/)
2019-01-08 10:08:25 [scrapy.core.engine] DEBUG: Crawled (200) <GET https://www.xiachufang.com/category/1013299/> (referer: http://www.xiachufang.com/category/743/)
2019-01-08 10:08:25 [scrapy.core.engine] DEBUG: Crawled (200) <GET https://www.xiachufang.com/category/1011987/> (referer: https://www.xiachufang.com/category/1008709/)
2019-01-08 10:08:25 [scrapy.core.engine] DEBUG: Crawled (200) <GET https://www.xiachufang.com/category/1014688/> (referer: https://www.xiachufang.com/category/1014693/)
2019-01-08 10:08:25 [scrapy.core.engine] DEBUG: Crawled (200) <GET https://www.xiachufang.com/category/1020723/> (referer: https://www.xiachufang.com/category/1000902/)
2019-01-08 10:08:25 [scrapy.core.engine] DEBUG: Crawled (200) <GET https://www.xiachufang.com/category/1020353/> (referer: https://www.xiachufang.com/category/1008709/)
2019-01-08 10:08:25 [scrapy.core.engine] DEBUG: Crawled (200) <GET https://www.xiachufang.com/category/1005353/> (referer: https://www.xiachufang.com/category/1014693/)
2019-01-08 10:08:25 [scrapy.core.engine] DEBUG: Crawled (200) <GET https://www.xiachufang.com/category/1012288/> (referer: http://www.xiachufang.com/category/747/)
2019-01-08 10:08:25 [scrapy.core.engine] DEBUG: Crawled (200) <GET https://www.xiachufang.com/category/1017167/> (referer: https://www.xiachufang.com/category/1013804/)
2019-01-08 10:08:26 [scrapy.core.engine] DEBUG: Crawled (200) <GET https://www.xiachufang.com/category/1004674/> (referer: http://www.xiachufang.com/category/808/)
2019-01-08 10:08:26 [scrapy.core.engine] DEBUG: Crawled (200) <GET https://www.xiachufang.com/category/1018428/> (referer: http://www.xiachufang.com/category/808/)
2019-01-08 10:08:26 [scrapy.core.engine] DEBUG: Crawled (200) <GET https://www.xiachufang.com/category/1020730/> (referer: https://www.xiachufang.com/category/1002571/)
2019-01-08 10:08:26 [scrapy.core.engine] DEBUG: Crawled (200) <GET https://www.xiachufang.com/category/1006153/> (referer: https://www.xiachufang.com/category/1004142/)
2019-01-08 10:08:26 [scrapy.core.engine] DEBUG: Crawled (200) <GET https://www.xiachufang.com/category/1007486/> (referer: https://www.xiachufang.com/category/1011463/)
2019-01-08 10:08:26 [scrapy.core.engine] DEBUG: Crawled (200) <GET https://www.xiachufang.com/category/1028497/> (referer: http://www.xiachufang.com/category/808/)
2019-01-08 10:08:26 [scrapy.core.engine] DEBUG: Crawled (200) <GET https://www.xiachufang.com/category/1014832/> (referer: https://www.xiachufang.com/category/1000643/)
2019-01-08 10:08:26 [scrapy.core.engine] DEBUG: Crawled (200) <GET https://www.xiachufang.com/category/1015109/> (referer: https://www.xiachufang.com/category/1000643/)
2019-01-08 10:08:27 [scrapy.core.engine] DEBUG: Crawled (200) <GET https://www.xiachufang.com/category/1037312/> (referer: http://www.xiachufang.com/category/826/)
2019-01-08 10:08:27 [scrapy.core.engine] DEBUG: Crawled (200) <GET https://www.xiachufang.com/category/1008825/> (referer: http://www.xiachufang.com/category/826/)
2019-01-08 10:08:27 [scrapy.core.engine] DEBUG: Crawled (200) <GET https://www.xiachufang.com/category/1002102/> (referer: http://www.xiachufang.com/category/819/)
2019-01-08 10:08:27 [scrapy.core.engine] DEBUG: Crawled (200) <GET https://www.xiachufang.com/category/1029783/> (referer: https://www.xiachufang.com/category/1007265/)
2019-01-08 10:08:27 [scrapy.core.engine] DEBUG: Crawled (200) <GET https://www.xiachufang.com/category/1007195/> (referer: https://www.xiachufang.com/category/1002771/)
2019-01-08 10:08:27 [scrapy.core.engine] DEBUG: Crawled (200) <GET https://www.xiachufang.com/category/1024994/> (referer: https://www.xiachufang.com/category/1011760/)
2019-01-08 10:08:27 [scrapy.core.engine] DEBUG: Crawled (200) <GET https://www.xiachufang.com/category/1021141/> (referer: https://www.xiachufang.com/category/1008045/)
2019-01-08 10:08:27 [scrapy.core.engine] DEBUG: Crawled (200) <GET https://www.xiachufang.com/category/1013223/> (referer: http://www.xiachufang.com/category/865/)
2019-01-08 10:08:28 [scrapy.core.engine] DEBUG: Crawled (200) <GET https://www.xiachufang.com/category/1001618/> (referer: http://www.xiachufang.com/category/865/)
2019-01-08 10:08:28 [scrapy.core.engine] DEBUG: Crawled (200) <GET https://www.xiachufang.com/category/1007086/> (referer: http://www.xiachufang.com/category/865/)
2019-01-08 10:08:28 [scrapy.core.engine] DEBUG: Crawled (200) <GET https://www.xiachufang.com/category/1002739/> (referer: https://www.xiachufang.com/category/1011983/)
2019-01-08 10:08:28 [scrapy.core.engine] DEBUG: Crawled (200) <GET https://www.xiachufang.com/category/1016796/> (referer: https://www.xiachufang.com/category/1015805/)
2019-01-08 10:08:28 [scrapy.core.engine] DEBUG: Crawled (200) <GET https://www.xiachufang.com/category/1010281/> (referer: https://www.xiachufang.com/category/1000252/)
2019-01-08 10:08:28 [scrapy.core.engine] DEBUG: Crawled (200) <GET https://www.xiachufang.com/category/1002691/> (referer: https://www.xiachufang.com/category/1000252/)
2019-01-08 10:08:28 [scrapy.core.engine] DEBUG: Crawled (200) <GET https://www.xiachufang.com/category/1029803/> (referer: https://www.xiachufang.com/category/1008427/)
2019-01-08 10:08:28 [scrapy.core.engine] DEBUG: Crawled (200) <GET https://www.xiachufang.com/category/1036929/> (referer: https://www.xiachufang.com/category/1008045/)
2019-01-08 10:08:29 [scrapy.core.engine] DEBUG: Crawled (200) <GET https://www.xiachufang.com/category/1009170/> (referer: https://www.xiachufang.com/category/1012288/)
2019-01-08 10:08:29 [scrapy.core.engine] DEBUG: Crawled (200) <GET https://www.xiachufang.com/category/1015962/> (referer: https://www.xiachufang.com/category/1013299/)
2019-01-08 10:08:29 [scrapy.core.engine] DEBUG: Crawled (200) <GET http://www.xiachufang.com/category/876/> (referer: http://www.xiachufang.com/category/)
2019-01-08 10:08:29 [scrapy.core.engine] DEBUG: Crawled (200) <GET http://www.xiachufang.com/category/881/> (referer: http://www.xiachufang.com/category/)
2019-01-08 10:08:29 [scrapy.core.engine] DEBUG: Crawled (200) <GET http://www.xiachufang.com/category/875/> (referer: http://www.xiachufang.com/category/)
2019-01-08 10:08:29 [scrapy.core.engine] DEBUG: Crawled (200) <GET https://www.xiachufang.com/category/1020512/> (referer: https://www.xiachufang.com/category/1012288/)
2019-01-08 10:08:29 [scrapy.core.engine] DEBUG: Crawled (200) <GET http://www.xiachufang.com/category/883/> (referer: http://www.xiachufang.com/category/)
2019-01-08 10:08:30 [scrapy.core.engine] DEBUG: Crawled (200) <GET https://www.xiachufang.com/category/1016707/> (referer: https://www.xiachufang.com/category/1005353/)
2019-01-08 10:08:30 [scrapy.core.engine] DEBUG: Crawled (200) <GET http://www.xiachufang.com/category/886/> (referer: http://www.xiachufang.com/category/)
2019-01-08 10:08:30 [scrapy.core.engine] DEBUG: Crawled (200) <GET http://www.xiachufang.com/category/898/> (referer: http://www.xiachufang.com/category/)
2019-01-08 10:08:30 [scrapy.core.engine] DEBUG: Crawled (200) <GET http://www.xiachufang.com/category/894/> (referer: http://www.xiachufang.com/category/)
2019-01-08 10:08:30 [scrapy.core.engine] DEBUG: Crawled (200) <GET https://www.xiachufang.com/category/1021329/> (referer: https://www.xiachufang.com/category/1015109/)
2019-01-08 10:08:30 [scrapy.core.engine] DEBUG: Crawled (200) <GET http://www.xiachufang.com/category/918/> (referer: http://www.xiachufang.com/category/)
2019-01-08 10:08:31 [scrapy.core.engine] DEBUG: Crawled (200) <GET http://www.xiachufang.com/category/923/> (referer: http://www.xiachufang.com/category/)
2019-01-08 10:08:31 [scrapy.core.engine] DEBUG: Crawled (200) <GET https://www.xiachufang.com/category/1007105/> (referer: https://www.xiachufang.com/category/1014832/)
2019-01-08 10:08:31 [scrapy.core.engine] DEBUG: Crawled (200) <GET http://www.xiachufang.com/category/903/> (referer: http://www.xiachufang.com/category/)
2019-01-08 10:08:31 [scrapy.core.engine] DEBUG: Crawled (200) <GET https://www.xiachufang.com/category/1001219/> (referer: https://www.xiachufang.com/category/1013223/)
2019-01-08 10:08:31 [scrapy.core.engine] DEBUG: Crawled (200) <GET https://www.xiachufang.com/category/1016976/> (referer: https://www.xiachufang.com/category/1002102/)
2019-01-08 10:08:31 [scrapy.core.engine] DEBUG: Crawled (200) <GET https://www.xiachufang.com/category/1013227/> (referer: https://www.xiachufang.com/category/1013223/)
2019-01-08 10:08:31 [scrapy.core.engine] DEBUG: Crawled (200) <GET https://www.xiachufang.com/category/1009516/> (referer: https://www.xiachufang.com/category/1013223/)
2019-01-08 10:08:31 [scrapy.core.engine] DEBUG: Crawled (200) <GET https://www.xiachufang.com/category/1016844/> (referer: https://www.xiachufang.com/category/1002102/)
2019-01-08 10:08:32 [scrapy.core.engine] DEBUG: Crawled (200) <GET http://www.xiachufang.com/category/938/> (referer: http://www.xiachufang.com/category/)
2019-01-08 10:08:32 [scrapy.core.engine] DEBUG: Crawled (200) <GET http://www.xiachufang.com/category/935/> (referer: http://www.xiachufang.com/category/)
2019-01-08 10:08:32 [scrapy.core.engine] DEBUG: Crawled (200) <GET https://www.xiachufang.com/category/1018185/> (referer: https://www.xiachufang.com/category/1008825/)
2019-01-08 10:08:32 [scrapy.core.engine] DEBUG: Crawled (200) <GET http://www.xiachufang.com/category/940/> (referer: http://www.xiachufang.com/category/)
2019-01-08 10:08:32 [scrapy.core.engine] DEBUG: Crawled (200) <GET https://www.xiachufang.com/category/1007545/> (referer: https://www.xiachufang.com/category/1001618/)
2019-01-08 10:08:32 [scrapy.core.engine] DEBUG: Crawled (200) <GET http://www.xiachufang.com/category/975/> (referer: http://www.xiachufang.com/category/)
2019-01-08 10:08:32 [scrapy.core.engine] DEBUG: Crawled (200) <GET http://www.xiachufang.com/category/947/> (referer: http://www.xiachufang.com/category/)
2019-01-08 10:08:32 [scrapy.core.engine] DEBUG: Crawled (200) <GET http://www.xiachufang.com/category/981/> (referer: http://www.xiachufang.com/category/)
2019-01-08 10:08:33 [scrapy.core.engine] DEBUG: Crawled (200) <GET http://www.xiachufang.com/category/1003/> (referer: http://www.xiachufang.com/category/)
2019-01-08 10:08:33 [scrapy.core.engine] DEBUG: Crawled (200) <GET http://www.xiachufang.com/category/997/> (referer: http://www.xiachufang.com/category/)
2019-01-08 10:08:33 [scrapy.core.engine] DEBUG: Crawled (200) <GET http://www.xiachufang.com/category/989/> (referer: http://www.xiachufang.com/category/)
2019-01-08 10:08:33 [scrapy.core.engine] DEBUG: Crawled (200) <GET http://www.xiachufang.com/category/1022/> (referer: http://www.xiachufang.com/category/)
2019-01-08 10:08:33 [scrapy.core.engine] DEBUG: Crawled (200) <GET http://www.xiachufang.com/category/1020/> (referer: http://www.xiachufang.com/category/)
2019-01-08 10:08:33 [scrapy.core.engine] DEBUG: Crawled (200) <GET http://www.xiachufang.com/category/1024/> (referer: http://www.xiachufang.com/category/)
2019-01-08 10:08:33 [scrapy.core.engine] DEBUG: Crawled (200) <GET http://www.xiachufang.com/category/1028/> (referer: http://www.xiachufang.com/category/)
2019-01-08 10:08:33 [scrapy.core.engine] DEBUG: Crawled (200) <GET http://www.xiachufang.com/category/1025/> (referer: http://www.xiachufang.com/category/)
