2019-01-07 14:25:48 [scrapy.utils.log] INFO: Scrapy 1.5.1 started (bot: xiachufang)
2019-01-07 14:25:48 [scrapy.utils.log] INFO: Versions: lxml 4.2.5.0, libxml2 2.9.8, cssselect 1.0.3, parsel 1.5.1, w3lib 1.19.0, Twisted 18.9.0, Python 3.5.2 (default, Nov 23 2017, 16:37:01) - [GCC 5.4.0 20160609], pyOpenSSL 18.0.0 (OpenSSL 1.1.0i  14 Aug 2018), cryptography 2.4.1, Platform Linux-4.15.0-43-generic-x86_64-with-Ubuntu-16.04-xenial
2019-01-07 14:25:48 [scrapy.crawler] INFO: Overridden settings: {'BOT_NAME': 'xiachufang', 'NEWSPIDER_MODULE': 'xiachufang.spiders', 'SPIDER_MODULES': ['xiachufang.spiders'], 'DOWNLOAD_DELAY': 2, 'LOG_FILE': 'xcf.log', 'LOG_LEVEL': 'INFO'}
2019-01-07 14:25:48 [scrapy.middleware] INFO: Enabled extensions:
['scrapy.extensions.memusage.MemoryUsage',
 'scrapy.extensions.corestats.CoreStats',
 'scrapy.extensions.logstats.LogStats',
 'scrapy.extensions.telnet.TelnetConsole']
2019-01-07 14:25:48 [scrapy.middleware] INFO: Enabled downloader middlewares:
['scrapy.downloadermiddlewares.httpauth.HttpAuthMiddleware',
 'scrapy.downloadermiddlewares.downloadtimeout.DownloadTimeoutMiddleware',
 'scrapy.downloadermiddlewares.defaultheaders.DefaultHeadersMiddleware',
 'scrapy.downloadermiddlewares.useragent.UserAgentMiddleware',
 'scrapy.downloadermiddlewares.retry.RetryMiddleware',
 'scrapy.downloadermiddlewares.redirect.MetaRefreshMiddleware',
 'scrapy.downloadermiddlewares.httpcompression.HttpCompressionMiddleware',
 'scrapy.downloadermiddlewares.redirect.RedirectMiddleware',
 'scrapy.downloadermiddlewares.cookies.CookiesMiddleware',
 'scrapy.downloadermiddlewares.httpproxy.HttpProxyMiddleware',
 'scrapy.downloadermiddlewares.stats.DownloaderStats']
2019-01-07 14:25:48 [scrapy.middleware] INFO: Enabled spider middlewares:
['scrapy.spidermiddlewares.httperror.HttpErrorMiddleware',
 'scrapy.spidermiddlewares.offsite.OffsiteMiddleware',
 'scrapy.spidermiddlewares.referer.RefererMiddleware',
 'scrapy.spidermiddlewares.urllength.UrlLengthMiddleware',
 'scrapy.spidermiddlewares.depth.DepthMiddleware']
2019-01-07 14:25:48 [scrapy.middleware] INFO: Enabled item pipelines:
[]
2019-01-07 14:25:48 [scrapy.core.engine] INFO: Spider opened
2019-01-07 14:25:48 [scrapy.extensions.logstats] INFO: Crawled 0 pages (at 0 pages/min), scraped 0 items (at 0 items/min)
2019-01-07 14:26:28 [scrapy.crawler] INFO: Received SIGINT, shutting down gracefully. Send again to force 
2019-01-07 14:26:28 [scrapy.core.engine] INFO: Closing spider (shutdown)
2019-01-07 14:26:30 [scrapy.crawler] INFO: Received SIGINT twice, forcing unclean shutdown
